<?xml version="1.0" encoding="UTF-8"?>
<testsuite xmlns:xsi="http://www.w3.org/2001/XMLSchema-instance" xsi:noNamespaceSchemaLocation="https://maven.apache.org/surefire/maven-surefire-plugin/xsd/surefire-test-report.xsd" name="youdi.com.AppTest" time="0.045" tests="1" errors="0" skipped="0" failures="0">
  <properties>
    <property name="gopherProxySet" value="false"/>
    <property name="awt.toolkit" value="sun.lwawt.macosx.LWCToolkit"/>
    <property name="file.encoding.pkg" value="sun.io"/>
    <property name="java.specification.version" value="1.8"/>
    <property name="sun.cpu.isalist" value=""/>
    <property name="sun.jnu.encoding" value="UTF-8"/>
    <property name="java.class.path" value="/Users/youdi/project/javaproject/ScalaRegain/target/test-classes:/Users/youdi/project/javaproject/ScalaRegain/target/classes:/Users/youdi/.m2/repository/junit/junit/4.11/junit-4.11.jar:/Users/youdi/.m2/repository/org/hamcrest/hamcrest-core/1.3/hamcrest-core-1.3.jar:/Users/youdi/.m2/repository/org/apache/spark/spark-core_2.12/3.0.0/spark-core_2.12-3.0.0.jar:/Users/youdi/.m2/repository/com/thoughtworks/paranamer/paranamer/2.8/paranamer-2.8.jar:/Users/youdi/.m2/repository/org/apache/avro/avro/1.8.2/avro-1.8.2.jar:/Users/youdi/.m2/repository/org/codehaus/jackson/jackson-core-asl/1.9.13/jackson-core-asl-1.9.13.jar:/Users/youdi/.m2/repository/org/tukaani/xz/1.5/xz-1.5.jar:/Users/youdi/.m2/repository/org/apache/avro/avro-mapred/1.8.2/avro-mapred-1.8.2-hadoop2.jar:/Users/youdi/.m2/repository/org/apache/avro/avro-ipc/1.8.2/avro-ipc-1.8.2.jar:/Users/youdi/.m2/repository/com/twitter/chill_2.12/0.9.5/chill_2.12-0.9.5.jar:/Users/youdi/.m2/repository/com/esotericsoftware/kryo-shaded/4.0.2/kryo-shaded-4.0.2.jar:/Users/youdi/.m2/repository/com/esotericsoftware/minlog/1.3.0/minlog-1.3.0.jar:/Users/youdi/.m2/repository/org/objenesis/objenesis/2.5.1/objenesis-2.5.1.jar:/Users/youdi/.m2/repository/com/twitter/chill-java/0.9.5/chill-java-0.9.5.jar:/Users/youdi/.m2/repository/org/apache/xbean/xbean-asm7-shaded/4.15/xbean-asm7-shaded-4.15.jar:/Users/youdi/.m2/repository/org/apache/hadoop/hadoop-client/2.7.4/hadoop-client-2.7.4.jar:/Users/youdi/.m2/repository/org/apache/hadoop/hadoop-common/2.7.4/hadoop-common-2.7.4.jar:/Users/youdi/.m2/repository/xmlenc/xmlenc/0.52/xmlenc-0.52.jar:/Users/youdi/.m2/repository/commons-collections/commons-collections/3.2.2/commons-collections-3.2.2.jar:/Users/youdi/.m2/repository/org/mortbay/jetty/jetty-sslengine/6.1.26/jetty-sslengine-6.1.26.jar:/Users/youdi/.m2/repository/javax/servlet/jsp/jsp-api/2.1/jsp-api-2.1.jar:/Users/youdi/.m2/repository/commons-configuration/commons-configuration/1.6/commons-configuration-1.6.jar:/Users/youdi/.m2/repository/commons-digester/commons-digester/1.8/commons-digester-1.8.jar:/Users/youdi/.m2/repository/commons-beanutils/commons-beanutils/1.7.0/commons-beanutils-1.7.0.jar:/Users/youdi/.m2/repository/org/apache/hadoop/hadoop-auth/2.7.4/hadoop-auth-2.7.4.jar:/Users/youdi/.m2/repository/org/apache/directory/server/apacheds-kerberos-codec/2.0.0-M15/apacheds-kerberos-codec-2.0.0-M15.jar:/Users/youdi/.m2/repository/org/apache/directory/server/apacheds-i18n/2.0.0-M15/apacheds-i18n-2.0.0-M15.jar:/Users/youdi/.m2/repository/org/apache/directory/api/api-asn1-api/1.0.0-M20/api-asn1-api-1.0.0-M20.jar:/Users/youdi/.m2/repository/org/apache/directory/api/api-util/1.0.0-M20/api-util-1.0.0-M20.jar:/Users/youdi/.m2/repository/org/apache/htrace/htrace-core/3.1.0-incubating/htrace-core-3.1.0-incubating.jar:/Users/youdi/.m2/repository/org/apache/hadoop/hadoop-hdfs/2.7.4/hadoop-hdfs-2.7.4.jar:/Users/youdi/.m2/repository/xerces/xercesImpl/2.9.1/xercesImpl-2.9.1.jar:/Users/youdi/.m2/repository/xml-apis/xml-apis/1.3.04/xml-apis-1.3.04.jar:/Users/youdi/.m2/repository/org/apache/hadoop/hadoop-mapreduce-client-app/2.7.4/hadoop-mapreduce-client-app-2.7.4.jar:/Users/youdi/.m2/repository/org/apache/hadoop/hadoop-mapreduce-client-common/2.7.4/hadoop-mapreduce-client-common-2.7.4.jar:/Users/youdi/.m2/repository/org/apache/hadoop/hadoop-mapreduce-client-shuffle/2.7.4/hadoop-mapreduce-client-shuffle-2.7.4.jar:/Users/youdi/.m2/repository/org/apache/hadoop/hadoop-mapreduce-client-core/2.7.4/hadoop-mapreduce-client-core-2.7.4.jar:/Users/youdi/.m2/repository/org/apache/hadoop/hadoop-mapreduce-client-jobclient/2.7.4/hadoop-mapreduce-client-jobclient-2.7.4.jar:/Users/youdi/.m2/repository/org/apache/hadoop/hadoop-annotations/2.7.4/hadoop-annotations-2.7.4.jar:/Users/youdi/.m2/repository/org/apache/spark/spark-launcher_2.12/3.0.0/spark-launcher_2.12-3.0.0.jar:/Users/youdi/.m2/repository/org/apache/spark/spark-kvstore_2.12/3.0.0/spark-kvstore_2.12-3.0.0.jar:/Users/youdi/.m2/repository/org/fusesource/leveldbjni/leveldbjni-all/1.8/leveldbjni-all-1.8.jar:/Users/youdi/.m2/repository/com/fasterxml/jackson/core/jackson-core/2.10.0/jackson-core-2.10.0.jar:/Users/youdi/.m2/repository/com/fasterxml/jackson/core/jackson-annotations/2.10.0/jackson-annotations-2.10.0.jar:/Users/youdi/.m2/repository/org/apache/spark/spark-network-common_2.12/3.0.0/spark-network-common_2.12-3.0.0.jar:/Users/youdi/.m2/repository/org/apache/spark/spark-network-shuffle_2.12/3.0.0/spark-network-shuffle_2.12-3.0.0.jar:/Users/youdi/.m2/repository/org/apache/spark/spark-unsafe_2.12/3.0.0/spark-unsafe_2.12-3.0.0.jar:/Users/youdi/.m2/repository/javax/activation/activation/1.1.1/activation-1.1.1.jar:/Users/youdi/.m2/repository/org/apache/curator/curator-recipes/2.7.1/curator-recipes-2.7.1.jar:/Users/youdi/.m2/repository/com/google/guava/guava/16.0.1/guava-16.0.1.jar:/Users/youdi/.m2/repository/org/apache/zookeeper/zookeeper/3.4.14/zookeeper-3.4.14.jar:/Users/youdi/.m2/repository/org/apache/yetus/audience-annotations/0.5.0/audience-annotations-0.5.0.jar:/Users/youdi/.m2/repository/javax/servlet/javax.servlet-api/3.1.0/javax.servlet-api-3.1.0.jar:/Users/youdi/.m2/repository/org/apache/commons/commons-lang3/3.9/commons-lang3-3.9.jar:/Users/youdi/.m2/repository/org/apache/commons/commons-math3/3.4.1/commons-math3-3.4.1.jar:/Users/youdi/.m2/repository/org/apache/commons/commons-text/1.6/commons-text-1.6.jar:/Users/youdi/.m2/repository/com/google/code/findbugs/jsr305/3.0.0/jsr305-3.0.0.jar:/Users/youdi/.m2/repository/org/slf4j/slf4j-api/1.7.30/slf4j-api-1.7.30.jar:/Users/youdi/.m2/repository/org/slf4j/jul-to-slf4j/1.7.30/jul-to-slf4j-1.7.30.jar:/Users/youdi/.m2/repository/org/slf4j/jcl-over-slf4j/1.7.30/jcl-over-slf4j-1.7.30.jar:/Users/youdi/.m2/repository/log4j/log4j/1.2.17/log4j-1.2.17.jar:/Users/youdi/.m2/repository/org/slf4j/slf4j-log4j12/1.7.30/slf4j-log4j12-1.7.30.jar:/Users/youdi/.m2/repository/com/ning/compress-lzf/1.0.3/compress-lzf-1.0.3.jar:/Users/youdi/.m2/repository/org/xerial/snappy/snappy-java/1.1.7.5/snappy-java-1.1.7.5.jar:/Users/youdi/.m2/repository/org/lz4/lz4-java/1.7.1/lz4-java-1.7.1.jar:/Users/youdi/.m2/repository/com/github/luben/zstd-jni/1.4.4-3/zstd-jni-1.4.4-3.jar:/Users/youdi/.m2/repository/org/roaringbitmap/RoaringBitmap/0.7.45/RoaringBitmap-0.7.45.jar:/Users/youdi/.m2/repository/org/roaringbitmap/shims/0.7.45/shims-0.7.45.jar:/Users/youdi/.m2/repository/commons-net/commons-net/3.1/commons-net-3.1.jar:/Users/youdi/.m2/repository/org/scala-lang/modules/scala-xml_2.12/1.2.0/scala-xml_2.12-1.2.0.jar:/Users/youdi/.m2/repository/org/scala-lang/scala-library/2.12.10/scala-library-2.12.10.jar:/Users/youdi/.m2/repository/org/scala-lang/scala-reflect/2.12.10/scala-reflect-2.12.10.jar:/Users/youdi/.m2/repository/org/json4s/json4s-jackson_2.12/3.6.6/json4s-jackson_2.12-3.6.6.jar:/Users/youdi/.m2/repository/org/json4s/json4s-core_2.12/3.6.6/json4s-core_2.12-3.6.6.jar:/Users/youdi/.m2/repository/org/json4s/json4s-ast_2.12/3.6.6/json4s-ast_2.12-3.6.6.jar:/Users/youdi/.m2/repository/org/json4s/json4s-scalap_2.12/3.6.6/json4s-scalap_2.12-3.6.6.jar:/Users/youdi/.m2/repository/org/glassfish/jersey/core/jersey-client/2.30/jersey-client-2.30.jar:/Users/youdi/.m2/repository/jakarta/ws/rs/jakarta.ws.rs-api/2.1.6/jakarta.ws.rs-api-2.1.6.jar:/Users/youdi/.m2/repository/org/glassfish/hk2/external/jakarta.inject/2.6.1/jakarta.inject-2.6.1.jar:/Users/youdi/.m2/repository/org/glassfish/jersey/core/jersey-common/2.30/jersey-common-2.30.jar:/Users/youdi/.m2/repository/jakarta/annotation/jakarta.annotation-api/1.3.5/jakarta.annotation-api-1.3.5.jar:/Users/youdi/.m2/repository/org/glassfish/hk2/osgi-resource-locator/1.0.3/osgi-resource-locator-1.0.3.jar:/Users/youdi/.m2/repository/org/glassfish/jersey/core/jersey-server/2.30/jersey-server-2.30.jar:/Users/youdi/.m2/repository/org/glassfish/jersey/media/jersey-media-jaxb/2.30/jersey-media-jaxb-2.30.jar:/Users/youdi/.m2/repository/jakarta/validation/jakarta.validation-api/2.0.2/jakarta.validation-api-2.0.2.jar:/Users/youdi/.m2/repository/org/glassfish/jersey/containers/jersey-container-servlet/2.30/jersey-container-servlet-2.30.jar:/Users/youdi/.m2/repository/org/glassfish/jersey/containers/jersey-container-servlet-core/2.30/jersey-container-servlet-core-2.30.jar:/Users/youdi/.m2/repository/org/glassfish/jersey/inject/jersey-hk2/2.30/jersey-hk2-2.30.jar:/Users/youdi/.m2/repository/org/glassfish/hk2/hk2-locator/2.6.1/hk2-locator-2.6.1.jar:/Users/youdi/.m2/repository/org/glassfish/hk2/external/aopalliance-repackaged/2.6.1/aopalliance-repackaged-2.6.1.jar:/Users/youdi/.m2/repository/org/glassfish/hk2/hk2-api/2.6.1/hk2-api-2.6.1.jar:/Users/youdi/.m2/repository/org/glassfish/hk2/hk2-utils/2.6.1/hk2-utils-2.6.1.jar:/Users/youdi/.m2/repository/org/javassist/javassist/3.25.0-GA/javassist-3.25.0-GA.jar:/Users/youdi/.m2/repository/io/netty/netty-all/4.1.47.Final/netty-all-4.1.47.Final.jar:/Users/youdi/.m2/repository/com/clearspring/analytics/stream/2.9.6/stream-2.9.6.jar:/Users/youdi/.m2/repository/io/dropwizard/metrics/metrics-core/4.1.1/metrics-core-4.1.1.jar:/Users/youdi/.m2/repository/io/dropwizard/metrics/metrics-jvm/4.1.1/metrics-jvm-4.1.1.jar:/Users/youdi/.m2/repository/io/dropwizard/metrics/metrics-json/4.1.1/metrics-json-4.1.1.jar:/Users/youdi/.m2/repository/io/dropwizard/metrics/metrics-graphite/4.1.1/metrics-graphite-4.1.1.jar:/Users/youdi/.m2/repository/io/dropwizard/metrics/metrics-jmx/4.1.1/metrics-jmx-4.1.1.jar:/Users/youdi/.m2/repository/com/fasterxml/jackson/core/jackson-databind/2.10.0/jackson-databind-2.10.0.jar:/Users/youdi/.m2/repository/com/fasterxml/jackson/module/jackson-module-scala_2.12/2.10.0/jackson-module-scala_2.12-2.10.0.jar:/Users/youdi/.m2/repository/com/fasterxml/jackson/module/jackson-module-paranamer/2.10.0/jackson-module-paranamer-2.10.0.jar:/Users/youdi/.m2/repository/org/apache/ivy/ivy/2.4.0/ivy-2.4.0.jar:/Users/youdi/.m2/repository/oro/oro/2.0.8/oro-2.0.8.jar:/Users/youdi/.m2/repository/net/razorvine/pyrolite/4.30/pyrolite-4.30.jar:/Users/youdi/.m2/repository/net/sf/py4j/py4j/0.10.9/py4j-0.10.9.jar:/Users/youdi/.m2/repository/org/apache/spark/spark-tags_2.12/3.0.0/spark-tags_2.12-3.0.0.jar:/Users/youdi/.m2/repository/org/apache/commons/commons-crypto/1.0.0/commons-crypto-1.0.0.jar:/Users/youdi/.m2/repository/org/spark-project/spark/unused/1.0.0/unused-1.0.0.jar:/Users/youdi/.m2/repository/org/apache/spark/spark-sql_2.12/3.0.0/spark-sql_2.12-3.0.0.jar:/Users/youdi/.m2/repository/com/univocity/univocity-parsers/2.8.3/univocity-parsers-2.8.3.jar:/Users/youdi/.m2/repository/org/apache/spark/spark-sketch_2.12/3.0.0/spark-sketch_2.12-3.0.0.jar:/Users/youdi/.m2/repository/org/apache/spark/spark-catalyst_2.12/3.0.0/spark-catalyst_2.12-3.0.0.jar:/Users/youdi/.m2/repository/org/scala-lang/modules/scala-parser-combinators_2.12/1.1.2/scala-parser-combinators_2.12-1.1.2.jar:/Users/youdi/.m2/repository/org/codehaus/janino/janino/3.0.16/janino-3.0.16.jar:/Users/youdi/.m2/repository/org/codehaus/janino/commons-compiler/3.0.16/commons-compiler-3.0.16.jar:/Users/youdi/.m2/repository/org/antlr/antlr4-runtime/4.7.1/antlr4-runtime-4.7.1.jar:/Users/youdi/.m2/repository/org/apache/arrow/arrow-vector/0.15.1/arrow-vector-0.15.1.jar:/Users/youdi/.m2/repository/org/apache/arrow/arrow-format/0.15.1/arrow-format-0.15.1.jar:/Users/youdi/.m2/repository/org/apache/arrow/arrow-memory/0.15.1/arrow-memory-0.15.1.jar:/Users/youdi/.m2/repository/com/google/flatbuffers/flatbuffers-java/1.9.0/flatbuffers-java-1.9.0.jar:/Users/youdi/.m2/repository/org/apache/orc/orc-core/1.5.10/orc-core-1.5.10.jar:/Users/youdi/.m2/repository/org/apache/orc/orc-shims/1.5.10/orc-shims-1.5.10.jar:/Users/youdi/.m2/repository/com/google/protobuf/protobuf-java/2.5.0/protobuf-java-2.5.0.jar:/Users/youdi/.m2/repository/commons-lang/commons-lang/2.6/commons-lang-2.6.jar:/Users/youdi/.m2/repository/io/airlift/aircompressor/0.10/aircompressor-0.10.jar:/Users/youdi/.m2/repository/org/threeten/threeten-extra/1.5.0/threeten-extra-1.5.0.jar:/Users/youdi/.m2/repository/org/apache/orc/orc-mapreduce/1.5.10/orc-mapreduce-1.5.10.jar:/Users/youdi/.m2/repository/org/apache/hive/hive-storage-api/2.7.1/hive-storage-api-2.7.1.jar:/Users/youdi/.m2/repository/org/apache/parquet/parquet-column/1.10.1/parquet-column-1.10.1.jar:/Users/youdi/.m2/repository/org/apache/parquet/parquet-common/1.10.1/parquet-common-1.10.1.jar:/Users/youdi/.m2/repository/org/apache/parquet/parquet-encoding/1.10.1/parquet-encoding-1.10.1.jar:/Users/youdi/.m2/repository/org/apache/parquet/parquet-hadoop/1.10.1/parquet-hadoop-1.10.1.jar:/Users/youdi/.m2/repository/org/apache/parquet/parquet-format/2.4.0/parquet-format-2.4.0.jar:/Users/youdi/.m2/repository/org/apache/parquet/parquet-jackson/1.10.1/parquet-jackson-1.10.1.jar:/Users/youdi/.m2/repository/org/apache/spark/spark-yarn_2.12/3.0.0/spark-yarn_2.12-3.0.0.jar:/Users/youdi/.m2/repository/org/apache/hadoop/hadoop-yarn-api/2.7.4/hadoop-yarn-api-2.7.4.jar:/Users/youdi/.m2/repository/org/apache/hadoop/hadoop-yarn-common/2.7.4/hadoop-yarn-common-2.7.4.jar:/Users/youdi/.m2/repository/javax/xml/bind/jaxb-api/2.2.2/jaxb-api-2.2.2.jar:/Users/youdi/.m2/repository/javax/xml/stream/stax-api/1.0-2/stax-api-1.0-2.jar:/Users/youdi/.m2/repository/org/mortbay/jetty/jetty-util/6.1.26/jetty-util-6.1.26.jar:/Users/youdi/.m2/repository/org/codehaus/jackson/jackson-jaxrs/1.9.13/jackson-jaxrs-1.9.13.jar:/Users/youdi/.m2/repository/org/codehaus/jackson/jackson-xc/1.9.13/jackson-xc-1.9.13.jar:/Users/youdi/.m2/repository/commons-cli/commons-cli/1.2/commons-cli-1.2.jar:/Users/youdi/.m2/repository/com/google/inject/extensions/guice-servlet/3.0/guice-servlet-3.0.jar:/Users/youdi/.m2/repository/com/google/inject/guice/3.0/guice-3.0.jar:/Users/youdi/.m2/repository/javax/inject/javax.inject/1/javax.inject-1.jar:/Users/youdi/.m2/repository/aopalliance/aopalliance/1.0/aopalliance-1.0.jar:/Users/youdi/.m2/repository/org/apache/hadoop/hadoop-yarn-server-web-proxy/2.7.4/hadoop-yarn-server-web-proxy-2.7.4.jar:/Users/youdi/.m2/repository/org/apache/hadoop/hadoop-yarn-server-common/2.7.4/hadoop-yarn-server-common-2.7.4.jar:/Users/youdi/.m2/repository/org/mortbay/jetty/jetty/6.1.26/jetty-6.1.26.jar:/Users/youdi/.m2/repository/org/apache/hadoop/hadoop-yarn-client/2.7.4/hadoop-yarn-client-2.7.4.jar:/Users/youdi/.m2/repository/org/apache/spark/spark-hive_2.12/3.0.0/spark-hive_2.12-3.0.0.jar:/Users/youdi/.m2/repository/org/apache/hive/hive-common/2.3.7/hive-common-2.3.7.jar:/Users/youdi/.m2/repository/com/tdunning/json/1.8/json-1.8.jar:/Users/youdi/.m2/repository/com/github/joshelser/dropwizard-metrics-hadoop-metrics2-reporter/0.1.2/dropwizard-metrics-hadoop-metrics2-reporter-0.1.2.jar:/Users/youdi/.m2/repository/org/apache/hive/hive-exec/2.3.7/hive-exec-2.3.7-core.jar:/Users/youdi/.m2/repository/org/apache/hive/hive-vector-code-gen/2.3.7/hive-vector-code-gen-2.3.7.jar:/Users/youdi/.m2/repository/com/google/code/gson/gson/2.2.4/gson-2.2.4.jar:/Users/youdi/.m2/repository/org/apache/hive/hive-metastore/2.3.7/hive-metastore-2.3.7.jar:/Users/youdi/.m2/repository/javolution/javolution/5.5.1/javolution-5.5.1.jar:/Users/youdi/.m2/repository/com/jolbox/bonecp/0.8.0.RELEASE/bonecp-0.8.0.RELEASE.jar:/Users/youdi/.m2/repository/com/zaxxer/HikariCP/2.5.1/HikariCP-2.5.1.jar:/Users/youdi/.m2/repository/org/datanucleus/datanucleus-api-jdo/4.2.4/datanucleus-api-jdo-4.2.4.jar:/Users/youdi/.m2/repository/org/datanucleus/datanucleus-rdbms/4.1.19/datanucleus-rdbms-4.1.19.jar:/Users/youdi/.m2/repository/commons-pool/commons-pool/1.5.4/commons-pool-1.5.4.jar:/Users/youdi/.m2/repository/commons-dbcp/commons-dbcp/1.4/commons-dbcp-1.4.jar:/Users/youdi/.m2/repository/javax/jdo/jdo-api/3.0.1/jdo-api-3.0.1.jar:/Users/youdi/.m2/repository/javax/transaction/jta/1.1/jta-1.1.jar:/Users/youdi/.m2/repository/org/datanucleus/javax.jdo/3.2.0-m3/javax.jdo-3.2.0-m3.jar:/Users/youdi/.m2/repository/javax/transaction/transaction-api/1.1/transaction-api-1.1.jar:/Users/youdi/.m2/repository/org/apache/hive/hive-serde/2.3.7/hive-serde-2.3.7.jar:/Users/youdi/.m2/repository/net/sf/opencsv/opencsv/2.3/opencsv-2.3.jar:/Users/youdi/.m2/repository/org/apache/hive/hive-shims/2.3.7/hive-shims-2.3.7.jar:/Users/youdi/.m2/repository/org/apache/hive/shims/hive-shims-common/2.3.7/hive-shims-common-2.3.7.jar:/Users/youdi/.m2/repository/org/apache/hive/shims/hive-shims-0.23/2.3.7/hive-shims-0.23-2.3.7.jar:/Users/youdi/.m2/repository/org/apache/hive/shims/hive-shims-scheduler/2.3.7/hive-shims-scheduler-2.3.7.jar:/Users/youdi/.m2/repository/org/apache/hive/hive-llap-common/2.3.7/hive-llap-common-2.3.7.jar:/Users/youdi/.m2/repository/org/apache/hive/hive-llap-client/2.3.7/hive-llap-client-2.3.7.jar:/Users/youdi/.m2/repository/commons-httpclient/commons-httpclient/3.1/commons-httpclient-3.1.jar:/Users/youdi/.m2/repository/org/apache/httpcomponents/httpclient/4.5.6/httpclient-4.5.6.jar:/Users/youdi/.m2/repository/org/apache/httpcomponents/httpcore/4.4.10/httpcore-4.4.10.jar:/Users/youdi/.m2/repository/org/codehaus/jackson/jackson-mapper-asl/1.9.13/jackson-mapper-asl-1.9.13.jar:/Users/youdi/.m2/repository/commons-codec/commons-codec/1.10/commons-codec-1.10.jar:/Users/youdi/.m2/repository/joda-time/joda-time/2.10.5/joda-time-2.10.5.jar:/Users/youdi/.m2/repository/org/jodd/jodd-core/3.5.2/jodd-core-3.5.2.jar:/Users/youdi/.m2/repository/org/datanucleus/datanucleus-core/4.1.17/datanucleus-core-4.1.17.jar:/Users/youdi/.m2/repository/org/apache/thrift/libthrift/0.12.0/libthrift-0.12.0.jar:/Users/youdi/.m2/repository/org/apache/thrift/libfb303/0.9.3/libfb303-0.9.3.jar:/Users/youdi/.m2/repository/org/apache/derby/derby/10.12.1.1/derby-10.12.1.1.jar:/Users/youdi/.m2/repository/org/apache/hive/hive-exec/1.2.1/hive-exec-1.2.1.jar:/Users/youdi/.m2/repository/org/apache/hive/hive-ant/1.2.1/hive-ant-1.2.1.jar:/Users/youdi/.m2/repository/org/apache/velocity/velocity/1.5/velocity-1.5.jar:/Users/youdi/.m2/repository/commons-io/commons-io/2.4/commons-io-2.4.jar:/Users/youdi/.m2/repository/commons-logging/commons-logging/1.1.3/commons-logging-1.1.3.jar:/Users/youdi/.m2/repository/log4j/apache-log4j-extras/1.2.17/apache-log4j-extras-1.2.17.jar:/Users/youdi/.m2/repository/org/antlr/antlr-runtime/3.4/antlr-runtime-3.4.jar:/Users/youdi/.m2/repository/org/antlr/stringtemplate/3.2.1/stringtemplate-3.2.1.jar:/Users/youdi/.m2/repository/antlr/antlr/2.7.7/antlr-2.7.7.jar:/Users/youdi/.m2/repository/org/antlr/ST4/4.0.4/ST4-4.0.4.jar:/Users/youdi/.m2/repository/org/apache/ant/ant/1.9.1/ant-1.9.1.jar:/Users/youdi/.m2/repository/org/apache/ant/ant-launcher/1.9.1/ant-launcher-1.9.1.jar:/Users/youdi/.m2/repository/org/apache/commons/commons-compress/1.4.1/commons-compress-1.4.1.jar:/Users/youdi/.m2/repository/org/apache/curator/curator-framework/2.6.0/curator-framework-2.6.0.jar:/Users/youdi/.m2/repository/org/apache/curator/curator-client/2.6.0/curator-client-2.6.0.jar:/Users/youdi/.m2/repository/org/codehaus/groovy/groovy-all/2.1.6/groovy-all-2.1.6.jar:/Users/youdi/.m2/repository/org/apache/calcite/calcite-core/1.2.0-incubating/calcite-core-1.2.0-incubating.jar:/Users/youdi/.m2/repository/org/apache/calcite/calcite-linq4j/1.2.0-incubating/calcite-linq4j-1.2.0-incubating.jar:/Users/youdi/.m2/repository/net/hydromatic/eigenbase-properties/1.1.5/eigenbase-properties-1.1.5.jar:/Users/youdi/.m2/repository/org/pentaho/pentaho-aggdesigner-algorithm/5.1.5-jhyde/pentaho-aggdesigner-algorithm-5.1.5-jhyde.jar:/Users/youdi/.m2/repository/org/apache/calcite/calcite-avatica/1.2.0-incubating/calcite-avatica-1.2.0-incubating.jar:/Users/youdi/.m2/repository/stax/stax-api/1.0.1/stax-api-1.0.1.jar:/Users/youdi/.m2/repository/jline/jline/2.12/jline-2.12.jar:/Users/youdi/.m2/repository/mysql/mysql-connector-java/5.1.47/mysql-connector-java-5.1.47.jar:/Users/youdi/.m2/repository/org/apache/spark/spark-streaming_2.12/3.0.0/spark-streaming_2.12-3.0.0.jar:"/>
    <property name="java.vm.vendor" value="AdoptOpenJDK"/>
    <property name="sun.arch.data.model" value="64"/>
    <property name="java.vendor.url" value="https://adoptopenjdk.net/"/>
    <property name="user.timezone" value=""/>
    <property name="java.vm.specification.version" value="1.8"/>
    <property name="os.name" value="Mac OS X"/>
    <property name="user.country" value="CN"/>
    <property name="sun.java.launcher" value="SUN_STANDARD"/>
    <property name="sun.boot.library.path" value="/Library/Java/JavaVirtualMachines/adoptopenjdk-8.jdk/Contents/Home/jre/lib"/>
    <property name="sun.java.command" value="/Users/youdi/project/javaproject/ScalaRegain/target/surefire/surefirebooter7226299185897232872.jar /Users/youdi/project/javaproject/ScalaRegain/target/surefire 2021-10-16T18-15-52_830-jvmRun1 surefire3132275445842893043tmp surefire_04546522216215924tmp"/>
    <property name="surefire.test.class.path" value="/Users/youdi/project/javaproject/ScalaRegain/target/test-classes:/Users/youdi/project/javaproject/ScalaRegain/target/classes:/Users/youdi/.m2/repository/junit/junit/4.11/junit-4.11.jar:/Users/youdi/.m2/repository/org/hamcrest/hamcrest-core/1.3/hamcrest-core-1.3.jar:/Users/youdi/.m2/repository/org/apache/spark/spark-core_2.12/3.0.0/spark-core_2.12-3.0.0.jar:/Users/youdi/.m2/repository/com/thoughtworks/paranamer/paranamer/2.8/paranamer-2.8.jar:/Users/youdi/.m2/repository/org/apache/avro/avro/1.8.2/avro-1.8.2.jar:/Users/youdi/.m2/repository/org/codehaus/jackson/jackson-core-asl/1.9.13/jackson-core-asl-1.9.13.jar:/Users/youdi/.m2/repository/org/tukaani/xz/1.5/xz-1.5.jar:/Users/youdi/.m2/repository/org/apache/avro/avro-mapred/1.8.2/avro-mapred-1.8.2-hadoop2.jar:/Users/youdi/.m2/repository/org/apache/avro/avro-ipc/1.8.2/avro-ipc-1.8.2.jar:/Users/youdi/.m2/repository/com/twitter/chill_2.12/0.9.5/chill_2.12-0.9.5.jar:/Users/youdi/.m2/repository/com/esotericsoftware/kryo-shaded/4.0.2/kryo-shaded-4.0.2.jar:/Users/youdi/.m2/repository/com/esotericsoftware/minlog/1.3.0/minlog-1.3.0.jar:/Users/youdi/.m2/repository/org/objenesis/objenesis/2.5.1/objenesis-2.5.1.jar:/Users/youdi/.m2/repository/com/twitter/chill-java/0.9.5/chill-java-0.9.5.jar:/Users/youdi/.m2/repository/org/apache/xbean/xbean-asm7-shaded/4.15/xbean-asm7-shaded-4.15.jar:/Users/youdi/.m2/repository/org/apache/hadoop/hadoop-client/2.7.4/hadoop-client-2.7.4.jar:/Users/youdi/.m2/repository/org/apache/hadoop/hadoop-common/2.7.4/hadoop-common-2.7.4.jar:/Users/youdi/.m2/repository/xmlenc/xmlenc/0.52/xmlenc-0.52.jar:/Users/youdi/.m2/repository/commons-collections/commons-collections/3.2.2/commons-collections-3.2.2.jar:/Users/youdi/.m2/repository/org/mortbay/jetty/jetty-sslengine/6.1.26/jetty-sslengine-6.1.26.jar:/Users/youdi/.m2/repository/javax/servlet/jsp/jsp-api/2.1/jsp-api-2.1.jar:/Users/youdi/.m2/repository/commons-configuration/commons-configuration/1.6/commons-configuration-1.6.jar:/Users/youdi/.m2/repository/commons-digester/commons-digester/1.8/commons-digester-1.8.jar:/Users/youdi/.m2/repository/commons-beanutils/commons-beanutils/1.7.0/commons-beanutils-1.7.0.jar:/Users/youdi/.m2/repository/org/apache/hadoop/hadoop-auth/2.7.4/hadoop-auth-2.7.4.jar:/Users/youdi/.m2/repository/org/apache/directory/server/apacheds-kerberos-codec/2.0.0-M15/apacheds-kerberos-codec-2.0.0-M15.jar:/Users/youdi/.m2/repository/org/apache/directory/server/apacheds-i18n/2.0.0-M15/apacheds-i18n-2.0.0-M15.jar:/Users/youdi/.m2/repository/org/apache/directory/api/api-asn1-api/1.0.0-M20/api-asn1-api-1.0.0-M20.jar:/Users/youdi/.m2/repository/org/apache/directory/api/api-util/1.0.0-M20/api-util-1.0.0-M20.jar:/Users/youdi/.m2/repository/org/apache/htrace/htrace-core/3.1.0-incubating/htrace-core-3.1.0-incubating.jar:/Users/youdi/.m2/repository/org/apache/hadoop/hadoop-hdfs/2.7.4/hadoop-hdfs-2.7.4.jar:/Users/youdi/.m2/repository/xerces/xercesImpl/2.9.1/xercesImpl-2.9.1.jar:/Users/youdi/.m2/repository/xml-apis/xml-apis/1.3.04/xml-apis-1.3.04.jar:/Users/youdi/.m2/repository/org/apache/hadoop/hadoop-mapreduce-client-app/2.7.4/hadoop-mapreduce-client-app-2.7.4.jar:/Users/youdi/.m2/repository/org/apache/hadoop/hadoop-mapreduce-client-common/2.7.4/hadoop-mapreduce-client-common-2.7.4.jar:/Users/youdi/.m2/repository/org/apache/hadoop/hadoop-mapreduce-client-shuffle/2.7.4/hadoop-mapreduce-client-shuffle-2.7.4.jar:/Users/youdi/.m2/repository/org/apache/hadoop/hadoop-mapreduce-client-core/2.7.4/hadoop-mapreduce-client-core-2.7.4.jar:/Users/youdi/.m2/repository/org/apache/hadoop/hadoop-mapreduce-client-jobclient/2.7.4/hadoop-mapreduce-client-jobclient-2.7.4.jar:/Users/youdi/.m2/repository/org/apache/hadoop/hadoop-annotations/2.7.4/hadoop-annotations-2.7.4.jar:/Users/youdi/.m2/repository/org/apache/spark/spark-launcher_2.12/3.0.0/spark-launcher_2.12-3.0.0.jar:/Users/youdi/.m2/repository/org/apache/spark/spark-kvstore_2.12/3.0.0/spark-kvstore_2.12-3.0.0.jar:/Users/youdi/.m2/repository/org/fusesource/leveldbjni/leveldbjni-all/1.8/leveldbjni-all-1.8.jar:/Users/youdi/.m2/repository/com/fasterxml/jackson/core/jackson-core/2.10.0/jackson-core-2.10.0.jar:/Users/youdi/.m2/repository/com/fasterxml/jackson/core/jackson-annotations/2.10.0/jackson-annotations-2.10.0.jar:/Users/youdi/.m2/repository/org/apache/spark/spark-network-common_2.12/3.0.0/spark-network-common_2.12-3.0.0.jar:/Users/youdi/.m2/repository/org/apache/spark/spark-network-shuffle_2.12/3.0.0/spark-network-shuffle_2.12-3.0.0.jar:/Users/youdi/.m2/repository/org/apache/spark/spark-unsafe_2.12/3.0.0/spark-unsafe_2.12-3.0.0.jar:/Users/youdi/.m2/repository/javax/activation/activation/1.1.1/activation-1.1.1.jar:/Users/youdi/.m2/repository/org/apache/curator/curator-recipes/2.7.1/curator-recipes-2.7.1.jar:/Users/youdi/.m2/repository/com/google/guava/guava/16.0.1/guava-16.0.1.jar:/Users/youdi/.m2/repository/org/apache/zookeeper/zookeeper/3.4.14/zookeeper-3.4.14.jar:/Users/youdi/.m2/repository/org/apache/yetus/audience-annotations/0.5.0/audience-annotations-0.5.0.jar:/Users/youdi/.m2/repository/javax/servlet/javax.servlet-api/3.1.0/javax.servlet-api-3.1.0.jar:/Users/youdi/.m2/repository/org/apache/commons/commons-lang3/3.9/commons-lang3-3.9.jar:/Users/youdi/.m2/repository/org/apache/commons/commons-math3/3.4.1/commons-math3-3.4.1.jar:/Users/youdi/.m2/repository/org/apache/commons/commons-text/1.6/commons-text-1.6.jar:/Users/youdi/.m2/repository/com/google/code/findbugs/jsr305/3.0.0/jsr305-3.0.0.jar:/Users/youdi/.m2/repository/org/slf4j/slf4j-api/1.7.30/slf4j-api-1.7.30.jar:/Users/youdi/.m2/repository/org/slf4j/jul-to-slf4j/1.7.30/jul-to-slf4j-1.7.30.jar:/Users/youdi/.m2/repository/org/slf4j/jcl-over-slf4j/1.7.30/jcl-over-slf4j-1.7.30.jar:/Users/youdi/.m2/repository/log4j/log4j/1.2.17/log4j-1.2.17.jar:/Users/youdi/.m2/repository/org/slf4j/slf4j-log4j12/1.7.30/slf4j-log4j12-1.7.30.jar:/Users/youdi/.m2/repository/com/ning/compress-lzf/1.0.3/compress-lzf-1.0.3.jar:/Users/youdi/.m2/repository/org/xerial/snappy/snappy-java/1.1.7.5/snappy-java-1.1.7.5.jar:/Users/youdi/.m2/repository/org/lz4/lz4-java/1.7.1/lz4-java-1.7.1.jar:/Users/youdi/.m2/repository/com/github/luben/zstd-jni/1.4.4-3/zstd-jni-1.4.4-3.jar:/Users/youdi/.m2/repository/org/roaringbitmap/RoaringBitmap/0.7.45/RoaringBitmap-0.7.45.jar:/Users/youdi/.m2/repository/org/roaringbitmap/shims/0.7.45/shims-0.7.45.jar:/Users/youdi/.m2/repository/commons-net/commons-net/3.1/commons-net-3.1.jar:/Users/youdi/.m2/repository/org/scala-lang/modules/scala-xml_2.12/1.2.0/scala-xml_2.12-1.2.0.jar:/Users/youdi/.m2/repository/org/scala-lang/scala-library/2.12.10/scala-library-2.12.10.jar:/Users/youdi/.m2/repository/org/scala-lang/scala-reflect/2.12.10/scala-reflect-2.12.10.jar:/Users/youdi/.m2/repository/org/json4s/json4s-jackson_2.12/3.6.6/json4s-jackson_2.12-3.6.6.jar:/Users/youdi/.m2/repository/org/json4s/json4s-core_2.12/3.6.6/json4s-core_2.12-3.6.6.jar:/Users/youdi/.m2/repository/org/json4s/json4s-ast_2.12/3.6.6/json4s-ast_2.12-3.6.6.jar:/Users/youdi/.m2/repository/org/json4s/json4s-scalap_2.12/3.6.6/json4s-scalap_2.12-3.6.6.jar:/Users/youdi/.m2/repository/org/glassfish/jersey/core/jersey-client/2.30/jersey-client-2.30.jar:/Users/youdi/.m2/repository/jakarta/ws/rs/jakarta.ws.rs-api/2.1.6/jakarta.ws.rs-api-2.1.6.jar:/Users/youdi/.m2/repository/org/glassfish/hk2/external/jakarta.inject/2.6.1/jakarta.inject-2.6.1.jar:/Users/youdi/.m2/repository/org/glassfish/jersey/core/jersey-common/2.30/jersey-common-2.30.jar:/Users/youdi/.m2/repository/jakarta/annotation/jakarta.annotation-api/1.3.5/jakarta.annotation-api-1.3.5.jar:/Users/youdi/.m2/repository/org/glassfish/hk2/osgi-resource-locator/1.0.3/osgi-resource-locator-1.0.3.jar:/Users/youdi/.m2/repository/org/glassfish/jersey/core/jersey-server/2.30/jersey-server-2.30.jar:/Users/youdi/.m2/repository/org/glassfish/jersey/media/jersey-media-jaxb/2.30/jersey-media-jaxb-2.30.jar:/Users/youdi/.m2/repository/jakarta/validation/jakarta.validation-api/2.0.2/jakarta.validation-api-2.0.2.jar:/Users/youdi/.m2/repository/org/glassfish/jersey/containers/jersey-container-servlet/2.30/jersey-container-servlet-2.30.jar:/Users/youdi/.m2/repository/org/glassfish/jersey/containers/jersey-container-servlet-core/2.30/jersey-container-servlet-core-2.30.jar:/Users/youdi/.m2/repository/org/glassfish/jersey/inject/jersey-hk2/2.30/jersey-hk2-2.30.jar:/Users/youdi/.m2/repository/org/glassfish/hk2/hk2-locator/2.6.1/hk2-locator-2.6.1.jar:/Users/youdi/.m2/repository/org/glassfish/hk2/external/aopalliance-repackaged/2.6.1/aopalliance-repackaged-2.6.1.jar:/Users/youdi/.m2/repository/org/glassfish/hk2/hk2-api/2.6.1/hk2-api-2.6.1.jar:/Users/youdi/.m2/repository/org/glassfish/hk2/hk2-utils/2.6.1/hk2-utils-2.6.1.jar:/Users/youdi/.m2/repository/org/javassist/javassist/3.25.0-GA/javassist-3.25.0-GA.jar:/Users/youdi/.m2/repository/io/netty/netty-all/4.1.47.Final/netty-all-4.1.47.Final.jar:/Users/youdi/.m2/repository/com/clearspring/analytics/stream/2.9.6/stream-2.9.6.jar:/Users/youdi/.m2/repository/io/dropwizard/metrics/metrics-core/4.1.1/metrics-core-4.1.1.jar:/Users/youdi/.m2/repository/io/dropwizard/metrics/metrics-jvm/4.1.1/metrics-jvm-4.1.1.jar:/Users/youdi/.m2/repository/io/dropwizard/metrics/metrics-json/4.1.1/metrics-json-4.1.1.jar:/Users/youdi/.m2/repository/io/dropwizard/metrics/metrics-graphite/4.1.1/metrics-graphite-4.1.1.jar:/Users/youdi/.m2/repository/io/dropwizard/metrics/metrics-jmx/4.1.1/metrics-jmx-4.1.1.jar:/Users/youdi/.m2/repository/com/fasterxml/jackson/core/jackson-databind/2.10.0/jackson-databind-2.10.0.jar:/Users/youdi/.m2/repository/com/fasterxml/jackson/module/jackson-module-scala_2.12/2.10.0/jackson-module-scala_2.12-2.10.0.jar:/Users/youdi/.m2/repository/com/fasterxml/jackson/module/jackson-module-paranamer/2.10.0/jackson-module-paranamer-2.10.0.jar:/Users/youdi/.m2/repository/org/apache/ivy/ivy/2.4.0/ivy-2.4.0.jar:/Users/youdi/.m2/repository/oro/oro/2.0.8/oro-2.0.8.jar:/Users/youdi/.m2/repository/net/razorvine/pyrolite/4.30/pyrolite-4.30.jar:/Users/youdi/.m2/repository/net/sf/py4j/py4j/0.10.9/py4j-0.10.9.jar:/Users/youdi/.m2/repository/org/apache/spark/spark-tags_2.12/3.0.0/spark-tags_2.12-3.0.0.jar:/Users/youdi/.m2/repository/org/apache/commons/commons-crypto/1.0.0/commons-crypto-1.0.0.jar:/Users/youdi/.m2/repository/org/spark-project/spark/unused/1.0.0/unused-1.0.0.jar:/Users/youdi/.m2/repository/org/apache/spark/spark-sql_2.12/3.0.0/spark-sql_2.12-3.0.0.jar:/Users/youdi/.m2/repository/com/univocity/univocity-parsers/2.8.3/univocity-parsers-2.8.3.jar:/Users/youdi/.m2/repository/org/apache/spark/spark-sketch_2.12/3.0.0/spark-sketch_2.12-3.0.0.jar:/Users/youdi/.m2/repository/org/apache/spark/spark-catalyst_2.12/3.0.0/spark-catalyst_2.12-3.0.0.jar:/Users/youdi/.m2/repository/org/scala-lang/modules/scala-parser-combinators_2.12/1.1.2/scala-parser-combinators_2.12-1.1.2.jar:/Users/youdi/.m2/repository/org/codehaus/janino/janino/3.0.16/janino-3.0.16.jar:/Users/youdi/.m2/repository/org/codehaus/janino/commons-compiler/3.0.16/commons-compiler-3.0.16.jar:/Users/youdi/.m2/repository/org/antlr/antlr4-runtime/4.7.1/antlr4-runtime-4.7.1.jar:/Users/youdi/.m2/repository/org/apache/arrow/arrow-vector/0.15.1/arrow-vector-0.15.1.jar:/Users/youdi/.m2/repository/org/apache/arrow/arrow-format/0.15.1/arrow-format-0.15.1.jar:/Users/youdi/.m2/repository/org/apache/arrow/arrow-memory/0.15.1/arrow-memory-0.15.1.jar:/Users/youdi/.m2/repository/com/google/flatbuffers/flatbuffers-java/1.9.0/flatbuffers-java-1.9.0.jar:/Users/youdi/.m2/repository/org/apache/orc/orc-core/1.5.10/orc-core-1.5.10.jar:/Users/youdi/.m2/repository/org/apache/orc/orc-shims/1.5.10/orc-shims-1.5.10.jar:/Users/youdi/.m2/repository/com/google/protobuf/protobuf-java/2.5.0/protobuf-java-2.5.0.jar:/Users/youdi/.m2/repository/commons-lang/commons-lang/2.6/commons-lang-2.6.jar:/Users/youdi/.m2/repository/io/airlift/aircompressor/0.10/aircompressor-0.10.jar:/Users/youdi/.m2/repository/org/threeten/threeten-extra/1.5.0/threeten-extra-1.5.0.jar:/Users/youdi/.m2/repository/org/apache/orc/orc-mapreduce/1.5.10/orc-mapreduce-1.5.10.jar:/Users/youdi/.m2/repository/org/apache/hive/hive-storage-api/2.7.1/hive-storage-api-2.7.1.jar:/Users/youdi/.m2/repository/org/apache/parquet/parquet-column/1.10.1/parquet-column-1.10.1.jar:/Users/youdi/.m2/repository/org/apache/parquet/parquet-common/1.10.1/parquet-common-1.10.1.jar:/Users/youdi/.m2/repository/org/apache/parquet/parquet-encoding/1.10.1/parquet-encoding-1.10.1.jar:/Users/youdi/.m2/repository/org/apache/parquet/parquet-hadoop/1.10.1/parquet-hadoop-1.10.1.jar:/Users/youdi/.m2/repository/org/apache/parquet/parquet-format/2.4.0/parquet-format-2.4.0.jar:/Users/youdi/.m2/repository/org/apache/parquet/parquet-jackson/1.10.1/parquet-jackson-1.10.1.jar:/Users/youdi/.m2/repository/org/apache/spark/spark-yarn_2.12/3.0.0/spark-yarn_2.12-3.0.0.jar:/Users/youdi/.m2/repository/org/apache/hadoop/hadoop-yarn-api/2.7.4/hadoop-yarn-api-2.7.4.jar:/Users/youdi/.m2/repository/org/apache/hadoop/hadoop-yarn-common/2.7.4/hadoop-yarn-common-2.7.4.jar:/Users/youdi/.m2/repository/javax/xml/bind/jaxb-api/2.2.2/jaxb-api-2.2.2.jar:/Users/youdi/.m2/repository/javax/xml/stream/stax-api/1.0-2/stax-api-1.0-2.jar:/Users/youdi/.m2/repository/org/mortbay/jetty/jetty-util/6.1.26/jetty-util-6.1.26.jar:/Users/youdi/.m2/repository/org/codehaus/jackson/jackson-jaxrs/1.9.13/jackson-jaxrs-1.9.13.jar:/Users/youdi/.m2/repository/org/codehaus/jackson/jackson-xc/1.9.13/jackson-xc-1.9.13.jar:/Users/youdi/.m2/repository/commons-cli/commons-cli/1.2/commons-cli-1.2.jar:/Users/youdi/.m2/repository/com/google/inject/extensions/guice-servlet/3.0/guice-servlet-3.0.jar:/Users/youdi/.m2/repository/com/google/inject/guice/3.0/guice-3.0.jar:/Users/youdi/.m2/repository/javax/inject/javax.inject/1/javax.inject-1.jar:/Users/youdi/.m2/repository/aopalliance/aopalliance/1.0/aopalliance-1.0.jar:/Users/youdi/.m2/repository/org/apache/hadoop/hadoop-yarn-server-web-proxy/2.7.4/hadoop-yarn-server-web-proxy-2.7.4.jar:/Users/youdi/.m2/repository/org/apache/hadoop/hadoop-yarn-server-common/2.7.4/hadoop-yarn-server-common-2.7.4.jar:/Users/youdi/.m2/repository/org/mortbay/jetty/jetty/6.1.26/jetty-6.1.26.jar:/Users/youdi/.m2/repository/org/apache/hadoop/hadoop-yarn-client/2.7.4/hadoop-yarn-client-2.7.4.jar:/Users/youdi/.m2/repository/org/apache/spark/spark-hive_2.12/3.0.0/spark-hive_2.12-3.0.0.jar:/Users/youdi/.m2/repository/org/apache/hive/hive-common/2.3.7/hive-common-2.3.7.jar:/Users/youdi/.m2/repository/com/tdunning/json/1.8/json-1.8.jar:/Users/youdi/.m2/repository/com/github/joshelser/dropwizard-metrics-hadoop-metrics2-reporter/0.1.2/dropwizard-metrics-hadoop-metrics2-reporter-0.1.2.jar:/Users/youdi/.m2/repository/org/apache/hive/hive-exec/2.3.7/hive-exec-2.3.7-core.jar:/Users/youdi/.m2/repository/org/apache/hive/hive-vector-code-gen/2.3.7/hive-vector-code-gen-2.3.7.jar:/Users/youdi/.m2/repository/com/google/code/gson/gson/2.2.4/gson-2.2.4.jar:/Users/youdi/.m2/repository/org/apache/hive/hive-metastore/2.3.7/hive-metastore-2.3.7.jar:/Users/youdi/.m2/repository/javolution/javolution/5.5.1/javolution-5.5.1.jar:/Users/youdi/.m2/repository/com/jolbox/bonecp/0.8.0.RELEASE/bonecp-0.8.0.RELEASE.jar:/Users/youdi/.m2/repository/com/zaxxer/HikariCP/2.5.1/HikariCP-2.5.1.jar:/Users/youdi/.m2/repository/org/datanucleus/datanucleus-api-jdo/4.2.4/datanucleus-api-jdo-4.2.4.jar:/Users/youdi/.m2/repository/org/datanucleus/datanucleus-rdbms/4.1.19/datanucleus-rdbms-4.1.19.jar:/Users/youdi/.m2/repository/commons-pool/commons-pool/1.5.4/commons-pool-1.5.4.jar:/Users/youdi/.m2/repository/commons-dbcp/commons-dbcp/1.4/commons-dbcp-1.4.jar:/Users/youdi/.m2/repository/javax/jdo/jdo-api/3.0.1/jdo-api-3.0.1.jar:/Users/youdi/.m2/repository/javax/transaction/jta/1.1/jta-1.1.jar:/Users/youdi/.m2/repository/org/datanucleus/javax.jdo/3.2.0-m3/javax.jdo-3.2.0-m3.jar:/Users/youdi/.m2/repository/javax/transaction/transaction-api/1.1/transaction-api-1.1.jar:/Users/youdi/.m2/repository/org/apache/hive/hive-serde/2.3.7/hive-serde-2.3.7.jar:/Users/youdi/.m2/repository/net/sf/opencsv/opencsv/2.3/opencsv-2.3.jar:/Users/youdi/.m2/repository/org/apache/hive/hive-shims/2.3.7/hive-shims-2.3.7.jar:/Users/youdi/.m2/repository/org/apache/hive/shims/hive-shims-common/2.3.7/hive-shims-common-2.3.7.jar:/Users/youdi/.m2/repository/org/apache/hive/shims/hive-shims-0.23/2.3.7/hive-shims-0.23-2.3.7.jar:/Users/youdi/.m2/repository/org/apache/hive/shims/hive-shims-scheduler/2.3.7/hive-shims-scheduler-2.3.7.jar:/Users/youdi/.m2/repository/org/apache/hive/hive-llap-common/2.3.7/hive-llap-common-2.3.7.jar:/Users/youdi/.m2/repository/org/apache/hive/hive-llap-client/2.3.7/hive-llap-client-2.3.7.jar:/Users/youdi/.m2/repository/commons-httpclient/commons-httpclient/3.1/commons-httpclient-3.1.jar:/Users/youdi/.m2/repository/org/apache/httpcomponents/httpclient/4.5.6/httpclient-4.5.6.jar:/Users/youdi/.m2/repository/org/apache/httpcomponents/httpcore/4.4.10/httpcore-4.4.10.jar:/Users/youdi/.m2/repository/org/codehaus/jackson/jackson-mapper-asl/1.9.13/jackson-mapper-asl-1.9.13.jar:/Users/youdi/.m2/repository/commons-codec/commons-codec/1.10/commons-codec-1.10.jar:/Users/youdi/.m2/repository/joda-time/joda-time/2.10.5/joda-time-2.10.5.jar:/Users/youdi/.m2/repository/org/jodd/jodd-core/3.5.2/jodd-core-3.5.2.jar:/Users/youdi/.m2/repository/org/datanucleus/datanucleus-core/4.1.17/datanucleus-core-4.1.17.jar:/Users/youdi/.m2/repository/org/apache/thrift/libthrift/0.12.0/libthrift-0.12.0.jar:/Users/youdi/.m2/repository/org/apache/thrift/libfb303/0.9.3/libfb303-0.9.3.jar:/Users/youdi/.m2/repository/org/apache/derby/derby/10.12.1.1/derby-10.12.1.1.jar:/Users/youdi/.m2/repository/org/apache/hive/hive-exec/1.2.1/hive-exec-1.2.1.jar:/Users/youdi/.m2/repository/org/apache/hive/hive-ant/1.2.1/hive-ant-1.2.1.jar:/Users/youdi/.m2/repository/org/apache/velocity/velocity/1.5/velocity-1.5.jar:/Users/youdi/.m2/repository/commons-io/commons-io/2.4/commons-io-2.4.jar:/Users/youdi/.m2/repository/commons-logging/commons-logging/1.1.3/commons-logging-1.1.3.jar:/Users/youdi/.m2/repository/log4j/apache-log4j-extras/1.2.17/apache-log4j-extras-1.2.17.jar:/Users/youdi/.m2/repository/org/antlr/antlr-runtime/3.4/antlr-runtime-3.4.jar:/Users/youdi/.m2/repository/org/antlr/stringtemplate/3.2.1/stringtemplate-3.2.1.jar:/Users/youdi/.m2/repository/antlr/antlr/2.7.7/antlr-2.7.7.jar:/Users/youdi/.m2/repository/org/antlr/ST4/4.0.4/ST4-4.0.4.jar:/Users/youdi/.m2/repository/org/apache/ant/ant/1.9.1/ant-1.9.1.jar:/Users/youdi/.m2/repository/org/apache/ant/ant-launcher/1.9.1/ant-launcher-1.9.1.jar:/Users/youdi/.m2/repository/org/apache/commons/commons-compress/1.4.1/commons-compress-1.4.1.jar:/Users/youdi/.m2/repository/org/apache/curator/curator-framework/2.6.0/curator-framework-2.6.0.jar:/Users/youdi/.m2/repository/org/apache/curator/curator-client/2.6.0/curator-client-2.6.0.jar:/Users/youdi/.m2/repository/org/codehaus/groovy/groovy-all/2.1.6/groovy-all-2.1.6.jar:/Users/youdi/.m2/repository/org/apache/calcite/calcite-core/1.2.0-incubating/calcite-core-1.2.0-incubating.jar:/Users/youdi/.m2/repository/org/apache/calcite/calcite-linq4j/1.2.0-incubating/calcite-linq4j-1.2.0-incubating.jar:/Users/youdi/.m2/repository/net/hydromatic/eigenbase-properties/1.1.5/eigenbase-properties-1.1.5.jar:/Users/youdi/.m2/repository/org/pentaho/pentaho-aggdesigner-algorithm/5.1.5-jhyde/pentaho-aggdesigner-algorithm-5.1.5-jhyde.jar:/Users/youdi/.m2/repository/org/apache/calcite/calcite-avatica/1.2.0-incubating/calcite-avatica-1.2.0-incubating.jar:/Users/youdi/.m2/repository/stax/stax-api/1.0.1/stax-api-1.0.1.jar:/Users/youdi/.m2/repository/jline/jline/2.12/jline-2.12.jar:/Users/youdi/.m2/repository/mysql/mysql-connector-java/5.1.47/mysql-connector-java-5.1.47.jar:/Users/youdi/.m2/repository/org/apache/spark/spark-streaming_2.12/3.0.0/spark-streaming_2.12-3.0.0.jar:"/>
    <property name="sun.cpu.endian" value="little"/>
    <property name="user.home" value="/Users/youdi"/>
    <property name="user.language" value="zh"/>
    <property name="java.specification.vendor" value="Oracle Corporation"/>
    <property name="java.home" value="/Library/Java/JavaVirtualMachines/adoptopenjdk-8.jdk/Contents/Home/jre"/>
    <property name="basedir" value="/Users/youdi/project/javaproject/ScalaRegain"/>
    <property name="file.separator" value="/"/>
    <property name="line.separator" value="&#10;"/>
    <property name="java.vm.specification.vendor" value="Oracle Corporation"/>
    <property name="java.specification.name" value="Java Platform API Specification"/>
    <property name="java.awt.graphicsenv" value="sun.awt.CGraphicsEnvironment"/>
    <property name="surefire.real.class.path" value="/Users/youdi/project/javaproject/ScalaRegain/target/surefire/surefirebooter7226299185897232872.jar"/>
    <property name="sun.boot.class.path" value="/Library/Java/JavaVirtualMachines/adoptopenjdk-8.jdk/Contents/Home/jre/lib/resources.jar:/Library/Java/JavaVirtualMachines/adoptopenjdk-8.jdk/Contents/Home/jre/lib/rt.jar:/Library/Java/JavaVirtualMachines/adoptopenjdk-8.jdk/Contents/Home/jre/lib/sunrsasign.jar:/Library/Java/JavaVirtualMachines/adoptopenjdk-8.jdk/Contents/Home/jre/lib/jsse.jar:/Library/Java/JavaVirtualMachines/adoptopenjdk-8.jdk/Contents/Home/jre/lib/jce.jar:/Library/Java/JavaVirtualMachines/adoptopenjdk-8.jdk/Contents/Home/jre/lib/charsets.jar:/Library/Java/JavaVirtualMachines/adoptopenjdk-8.jdk/Contents/Home/jre/lib/jfr.jar:/Library/Java/JavaVirtualMachines/adoptopenjdk-8.jdk/Contents/Home/jre/classes"/>
    <property name="sun.management.compiler" value="HotSpot 64-Bit Tiered Compilers"/>
    <property name="java.runtime.version" value="1.8.0_275-b01"/>
    <property name="user.name" value="youdi"/>
    <property name="path.separator" value=":"/>
    <property name="os.version" value="10.16"/>
    <property name="java.endorsed.dirs" value="/Library/Java/JavaVirtualMachines/adoptopenjdk-8.jdk/Contents/Home/jre/lib/endorsed"/>
    <property name="java.runtime.name" value="OpenJDK Runtime Environment"/>
    <property name="file.encoding" value="UTF-8"/>
    <property name="java.vm.name" value="OpenJDK 64-Bit Server VM"/>
    <property name="localRepository" value="/Users/youdi/.m2/repository"/>
    <property name="java.vendor.url.bug" value="https://github.com/AdoptOpenJDK/openjdk-support/issues"/>
    <property name="java.io.tmpdir" value="/var/folders/xg/fx89nvn94nsfcz9grgkhhffm0000gn/T/"/>
    <property name="idea.version" value="2020.3.4"/>
    <property name="java.version" value="1.8.0_275"/>
    <property name="user.dir" value="/Users/youdi/project/javaproject/ScalaRegain"/>
    <property name="os.arch" value="x86_64"/>
    <property name="java.vm.specification.name" value="Java Virtual Machine Specification"/>
    <property name="java.awt.printerjob" value="sun.lwawt.macosx.CPrinterJob"/>
    <property name="sun.os.patch.level" value="unknown"/>
    <property name="java.library.path" value="/Users/youdi/Library/Java/Extensions:/Library/Java/Extensions:/Network/Library/Java/Extensions:/System/Library/Java/Extensions:/usr/lib/java:."/>
    <property name="java.vm.info" value="mixed mode"/>
    <property name="java.vendor" value="AdoptOpenJDK"/>
    <property name="java.vm.version" value="25.275-b01"/>
    <property name="java.ext.dirs" value="/Users/youdi/Library/Java/Extensions:/Library/Java/JavaVirtualMachines/adoptopenjdk-8.jdk/Contents/Home/jre/lib/ext:/Library/Java/Extensions:/Network/Library/Java/Extensions:/System/Library/Java/Extensions:/usr/lib/java"/>
    <property name="sun.io.unicode.encoding" value="UnicodeBig"/>
    <property name="java.class.version" value="52.0"/>
  </properties>
  <testcase name="shouldAnswerWithTrue" classname="youdi.com.AppTest" time="0.001"/>
</testsuite>